<?xml version="1.0" encoding="UTF-8"?>
<!-- Generated by org.testng.reporters.JUnitReportReporter -->
<testsuite skipped="0" hostname="LT103" name="com.mycompany.app.MainAppTest" tests="3" failures="0" timestamp="27 Feb 2019 11:14:24 GMT" time="7.499" errors="0">
  <testcase name="Test3" time="0.012" classname="com.mycompany.app.MainAppTest"/>
  <testcase name="Test1" time="7.475" classname="com.mycompany.app.MainAppTest"/>
  <testcase name="Test2" time="0.012" classname="com.mycompany.app.MainAppTest"/>
</testsuite> <!-- com.mycompany.app.MainAppTest -->
