<?xml version="1.0" encoding="UTF-8"?>
<!-- Generated by org.testng.reporters.JUnitReportReporter -->
<testsuite skipped="0" hostname="LT103" name="com.mycompany.app.MainAppTest" tests="2" failures="0" timestamp="25 Feb 2019 09:55:34 GMT" time="7.427" errors="0">
  <testcase name="Test2" time="0.001" classname="com.mycompany.app.MainAppTest"/>
  <testcase name="Test1" time="7.426" classname="com.mycompany.app.MainAppTest"/>
</testsuite> <!-- com.mycompany.app.MainAppTest -->
